# JRE version: OpenJDK Runtime Environment Temurin-17.0.1+12 (17.0.1+12) (build 17.0.1+12)
# Java VM: OpenJDK 64-Bit Server VM Temurin-17.0.1+12 (17.0.1+12, mixed mode, tiered, compressed oops, compressed class ptrs, g1 gc, windows-amd64)
GC Precious Log:
 CPUs: 16 total, 16 available
 Memory: 65454M
 Large Page Support: Disabled
 NUMA Support: Disabled
 Compressed Oops: Enabled (Zero based)
 Heap Region Size: 8M
 Heap Min Capacity: 8M
 Heap Initial Capacity: 1G
 Heap Max Capacity: 16368M
 Pre-touch: Disabled
 Parallel Workers: 13
 Concurrent Workers: 3
 Concurrent Refinement Workers: 13
 Periodic GC: Disabled
Heap:
 garbage-first heap   total 163840K, used 125092K [0x0000000401000000, 0x0000000800000000)
  region size 8192K, 10 young (81920K), 1 survivors (8192K)
 Metaspace       used 103453K, committed 104128K, reserved 1146880K
  class space    used 12629K, committed 12992K, reserved 1048576K
GC Heap History (20 events):
Event: 77.422 GC heap before
{Heap before GC invocations=26 (full 0):
 garbage-first heap   total 163840K, used 119938K [0x0000000401000000, 0x0000000800000000)
  region size 8192K, 10 young (81920K), 2 survivors (16384K)
 Metaspace       used 97561K, committed 98176K, reserved 1138688K
  class space    used 12063K, committed 12352K, reserved 1048576K
}
Event: 77.427 GC heap after
{Heap after GC invocations=27 (full 0):
 garbage-first heap   total 163840K, used 57413K [0x0000000401000000, 0x0000000800000000)
  region size 8192K, 2 young (16384K), 2 survivors (16384K)
 Metaspace       used 97561K, committed 98176K, reserved 1138688K
  class space    used 12063K, committed 12352K, reserved 1048576K
}
Event: 87.136 GC heap before
{Heap before GC invocations=27 (full 0):
 garbage-first heap   total 163840K, used 122949K [0x0000000401000000, 0x0000000800000000)
  region size 8192K, 10 young (81920K), 2 survivors (16384K)
 Metaspace       used 99887K, committed 100416K, reserved 1138688K
  class space    used 12285K, committed 12544K, reserved 1048576K
}
Event: 87.141 GC heap after
{Heap after GC invocations=28 (full 0):
 garbage-first heap   total 163840K, used 59045K [0x0000000401000000, 0x0000000800000000)
  region size 8192K, 2 young (16384K), 2 survivors (16384K)
 Metaspace       used 99887K, committed 100416K, reserved 1138688K
  class space    used 12285K, committed 12544K, reserved 1048576K
}
Event: 87.252 GC heap before
{Heap before GC invocations=28 (full 0):
 garbage-first heap   total 163840K, used 67237K [0x0000000401000000, 0x0000000800000000)
  region size 8192K, 4 young (32768K), 2 survivors (16384K)
 Metaspace       used 100679K, committed 101248K, reserved 1138688K
  class space    used 12402K, committed 12672K, reserved 1048576K
}
Event: 87.256 GC heap after
{Heap after GC invocations=29 (full 0):
 garbage-first heap   total 163840K, used 59047K [0x0000000401000000, 0x0000000800000000)
  region size 8192K, 2 young (16384K), 2 survivors (16384K)
 Metaspace       used 100679K, committed 101248K, reserved 1138688K
  class space    used 12402K, committed 12672K, reserved 1048576K
}
Event: 101.977 GC heap before
{Heap before GC invocations=30 (full 0):
 garbage-first heap   total 163840K, used 116391K [0x0000000401000000, 0x0000000800000000)
  region size 8192K, 10 young (81920K), 2 survivors (16384K)
 Metaspace       used 102224K, committed 102784K, reserved 1146880K
  class space    used 12554K, committed 12800K, reserved 1048576K
}
Event: 101.983 GC heap after
{Heap after GC invocations=31 (full 0):
 garbage-first heap   total 163840K, used 59379K [0x0000000401000000, 0x0000000800000000)
  region size 8192K, 2 young (16384K), 2 survivors (16384K)
 Metaspace       used 102224K, committed 102784K, reserved 1146880K
  class space    used 12554K, committed 12800K, reserved 1048576K
}
Event: 115.820 GC heap before
{Heap before GC invocations=31 (full 0):
 garbage-first heap   total 163840K, used 116723K [0x0000000401000000, 0x0000000800000000)
  region size 8192K, 9 young (73728K), 2 survivors (16384K)
 Metaspace       used 102329K, committed 102848K, reserved 1146880K
  class space    used 12558K, committed 12800K, reserved 1048576K
}
Event: 115.825 GC heap after
{Heap after GC invocations=32 (full 0):
 garbage-first heap   total 163840K, used 61335K [0x0000000401000000, 0x0000000800000000)
  region size 8192K, 2 young (16384K), 2 survivors (16384K)
 Metaspace       used 102329K, committed 102848K, reserved 1146880K
  class space    used 12558K, committed 12800K, reserved 1048576K
}
Event: 304.210 GC heap before
{Heap before GC invocations=32 (full 0):
 garbage-first heap   total 163840K, used 118679K [0x0000000401000000, 0x0000000800000000)
  region size 8192K, 9 young (73728K), 2 survivors (16384K)
 Metaspace       used 102939K, committed 103488K, reserved 1146880K
  class space    used 12617K, committed 12864K, reserved 1048576K
}
Event: 304.214 GC heap after
{Heap after GC invocations=33 (full 0):
 garbage-first heap   total 163840K, used 59335K [0x0000000401000000, 0x0000000800000000)
  region size 8192K, 1 young (8192K), 1 survivors (8192K)
 Metaspace       used 102939K, committed 103488K, reserved 1146880K
  class space    used 12617K, committed 12864K, reserved 1048576K
}
Event: 382.449 GC heap before
{Heap before GC invocations=33 (full 0):
 garbage-first heap   total 163840K, used 116679K [0x0000000401000000, 0x0000000800000000)
  region size 8192K, 9 young (73728K), 1 survivors (8192K)
 Metaspace       used 103068K, committed 103744K, reserved 1146880K
  class space    used 12619K, committed 12992K, reserved 1048576K
}
Event: 382.453 GC heap after
{Heap after GC invocations=34 (full 0):
 garbage-first heap   total 163840K, used 58738K [0x0000000401000000, 0x0000000800000000)
  region size 8192K, 1 young (8192K), 1 survivors (8192K)
 Metaspace       used 103068K, committed 103744K, reserved 1146880K
  class space    used 12619K, committed 12992K, reserved 1048576K
}
Event: 394.880 GC heap before
{Heap before GC invocations=34 (full 0):
 garbage-first heap   total 163840K, used 132466K [0x0000000401000000, 0x0000000800000000)
  region size 8192K, 10 young (81920K), 1 survivors (8192K)
 Metaspace       used 103185K, committed 103872K, reserved 1146880K
  class space    used 12619K, committed 12992K, reserved 1048576K
}
Event: 394.884 GC heap after
{Heap after GC invocations=35 (full 0):
 garbage-first heap   total 163840K, used 60669K [0x0000000401000000, 0x0000000800000000)
  region size 8192K, 1 young (8192K), 1 survivors (8192K)
 Metaspace       used 103185K, committed 103872K, reserved 1146880K
  class space    used 12619K, committed 12992K, reserved 1048576K
}
Event: 652.064 GC heap before
{Heap before GC invocations=35 (full 0):
 garbage-first heap   total 163840K, used 134397K [0x0000000401000000, 0x0000000800000000)
  region size 8192K, 11 young (90112K), 1 survivors (8192K)
 Metaspace       used 103359K, committed 104064K, reserved 1146880K
  class space    used 12629K, committed 12992K, reserved 1048576K
}
Event: 652.068 GC heap after
{Heap after GC invocations=36 (full 0):
 garbage-first heap   total 163840K, used 59236K [0x0000000401000000, 0x0000000800000000)
  region size 8192K, 1 young (8192K), 1 survivors (8192K)
 Metaspace       used 103359K, committed 104064K, reserved 1146880K
  class space    used 12629K, committed 12992K, reserved 1048576K
}
Event: 717.292 GC heap before
{Heap before GC invocations=36 (full 0):
 garbage-first heap   total 163840K, used 132964K [0x0000000401000000, 0x0000000800000000)
  region size 8192K, 10 young (81920K), 1 survivors (8192K)
 Metaspace       used 103419K, committed 104064K, reserved 1146880K
  class space    used 12629K, committed 12992K, reserved 1048576K
}
Event: 717.296 GC heap after
{Heap after GC invocations=37 (full 0):
 garbage-first heap   total 163840K, used 59556K [0x0000000401000000, 0x0000000800000000)
  region size 8192K, 1 young (8192K), 1 survivors (8192K)
 Metaspace       used 103419K, committed 104064K, reserved 1146880K
  class space    used 12629K, committed 12992K, reserved 1048576K
}

