# JRE version: OpenJDK Runtime Environment Temurin-17.0.1+12 (17.0.1+12) (build 17.0.1+12)
# Java VM: OpenJDK 64-Bit Server VM Temurin-17.0.1+12 (17.0.1+12, mixed mode, tiered, compressed oops, compressed class ptrs, g1 gc, windows-amd64)
GC Precious Log:
 CPUs: 16 total, 16 available
 Memory: 65454M
 Large Page Support: Disabled
 NUMA Support: Disabled
 Compressed Oops: Enabled (Zero based)
 Heap Region Size: 8M
 Heap Min Capacity: 8M
 Heap Initial Capacity: 1G
 Heap Max Capacity: 16368M
 Pre-touch: Disabled
 Parallel Workers: 13
 Concurrent Workers: 3
 Concurrent Refinement Workers: 13
 Periodic GC: Disabled
Heap:
 garbage-first heap   total 163840K, used 69565K [0x0000000401000000, 0x0000000800000000)
  region size 8192K, 2 young (16384K), 1 survivors (8192K)
 Metaspace       used 109282K, committed 110016K, reserved 1146880K
  class space    used 13347K, committed 13696K, reserved 1048576K
GC Heap History (20 events):
Event: 15.493 GC heap before
{Heap before GC invocations=26 (full 0):
 garbage-first heap   total 163840K, used 121938K [0x0000000401000000, 0x0000000800000000)
  region size 8192K, 11 young (90112K), 2 survivors (16384K)
 Metaspace       used 86023K, committed 86464K, reserved 1130496K
  class space    used 10612K, committed 10816K, reserved 1048576K
}
Event: 15.500 GC heap after
{Heap after GC invocations=27 (full 0):
 garbage-first heap   total 163840K, used 51731K [0x0000000401000000, 0x0000000800000000)
  region size 8192K, 2 young (16384K), 2 survivors (16384K)
 Metaspace       used 86023K, committed 86464K, reserved 1130496K
  class space    used 10612K, committed 10816K, reserved 1048576K
}
Event: 16.409 GC heap before
{Heap before GC invocations=27 (full 0):
 garbage-first heap   total 163840K, used 125459K [0x0000000401000000, 0x0000000800000000)
  region size 8192K, 11 young (90112K), 2 survivors (16384K)
 Metaspace       used 94013K, committed 94592K, reserved 1138688K
  class space    used 11574K, committed 11840K, reserved 1048576K
}
Event: 16.416 GC heap after
{Heap after GC invocations=28 (full 0):
 garbage-first heap   total 163840K, used 54342K [0x0000000401000000, 0x0000000800000000)
  region size 8192K, 2 young (16384K), 2 survivors (16384K)
 Metaspace       used 94013K, committed 94592K, reserved 1138688K
  class space    used 11574K, committed 11840K, reserved 1048576K
}
Event: 17.458 GC heap before
{Heap before GC invocations=28 (full 0):
 garbage-first heap   total 163840K, used 119878K [0x0000000401000000, 0x0000000800000000)
  region size 8192K, 10 young (81920K), 2 survivors (16384K)
 Metaspace       used 97750K, committed 98304K, reserved 1138688K
  class space    used 12007K, committed 12288K, reserved 1048576K
}
Event: 17.466 GC heap after
{Heap after GC invocations=29 (full 0):
 garbage-first heap   total 163840K, used 60254K [0x0000000401000000, 0x0000000800000000)
  region size 8192K, 2 young (16384K), 2 survivors (16384K)
 Metaspace       used 97750K, committed 98304K, reserved 1138688K
  class space    used 12007K, committed 12288K, reserved 1048576K
}
Event: 59.675 GC heap before
{Heap before GC invocations=29 (full 0):
 garbage-first heap   total 163840K, used 109406K [0x0000000401000000, 0x0000000800000000)
  region size 8192K, 10 young (81920K), 2 survivors (16384K)
 Metaspace       used 100308K, committed 100800K, reserved 1138688K
  class space    used 12292K, committed 12544K, reserved 1048576K
}
Event: 59.682 GC heap after
{Heap after GC invocations=30 (full 0):
 garbage-first heap   total 163840K, used 62243K [0x0000000401000000, 0x0000000800000000)
  region size 8192K, 2 young (16384K), 2 survivors (16384K)
 Metaspace       used 100308K, committed 100800K, reserved 1138688K
  class space    used 12292K, committed 12544K, reserved 1048576K
}
Event: 64.842 GC heap before
{Heap before GC invocations=31 (full 0):
 garbage-first heap   total 163840K, used 111395K [0x0000000401000000, 0x0000000800000000)
  region size 8192K, 9 young (73728K), 2 survivors (16384K)
 Metaspace       used 103479K, committed 104128K, reserved 1146880K
  class space    used 12636K, committed 12928K, reserved 1048576K
}
Event: 64.845 GC heap after
{Heap after GC invocations=32 (full 0):
 garbage-first heap   total 163840K, used 63103K [0x0000000401000000, 0x0000000800000000)
  region size 8192K, 2 young (16384K), 2 survivors (16384K)
 Metaspace       used 103479K, committed 104128K, reserved 1146880K
  class space    used 12636K, committed 12928K, reserved 1048576K
}
Event: 74.620 GC heap before
{Heap before GC invocations=32 (full 0):
 garbage-first heap   total 163840K, used 120447K [0x0000000401000000, 0x0000000800000000)
  region size 8192K, 9 young (73728K), 2 survivors (16384K)
 Metaspace       used 106125K, committed 106752K, reserved 1146880K
  class space    used 13000K, committed 13312K, reserved 1048576K
}
Event: 74.624 GC heap after
{Heap after GC invocations=33 (full 0):
 garbage-first heap   total 163840K, used 65308K [0x0000000401000000, 0x0000000800000000)
  region size 8192K, 1 young (8192K), 1 survivors (8192K)
 Metaspace       used 106125K, committed 106752K, reserved 1146880K
  class space    used 13000K, committed 13312K, reserved 1048576K
}
Event: 84.066 GC heap before
{Heap before GC invocations=33 (full 0):
 garbage-first heap   total 163840K, used 122652K [0x0000000401000000, 0x0000000800000000)
  region size 8192K, 8 young (65536K), 1 survivors (8192K)
 Metaspace       used 107959K, committed 108672K, reserved 1146880K
  class space    used 13291K, committed 13632K, reserved 1048576K
}
Event: 84.071 GC heap after
{Heap after GC invocations=34 (full 0):
 garbage-first heap   total 163840K, used 67026K [0x0000000401000000, 0x0000000800000000)
  region size 8192K, 1 young (8192K), 1 survivors (8192K)
 Metaspace       used 107959K, committed 108672K, reserved 1146880K
  class space    used 13291K, committed 13632K, reserved 1048576K
}
Event: 182.915 GC heap before
{Heap before GC invocations=34 (full 0):
 garbage-first heap   total 163840K, used 124370K [0x0000000401000000, 0x0000000800000000)
  region size 8192K, 8 young (65536K), 1 survivors (8192K)
 Metaspace       used 108424K, committed 109120K, reserved 1146880K
  class space    used 13328K, committed 13696K, reserved 1048576K
}
Event: 182.920 GC heap after
{Heap after GC invocations=35 (full 0):
 garbage-first heap   total 163840K, used 67495K [0x0000000401000000, 0x0000000800000000)
  region size 8192K, 1 young (8192K), 1 survivors (8192K)
 Metaspace       used 108424K, committed 109120K, reserved 1146880K
  class space    used 13328K, committed 13696K, reserved 1048576K
}
Event: 371.265 GC heap before
{Heap before GC invocations=35 (full 0):
 garbage-first heap   total 163840K, used 124839K [0x0000000401000000, 0x0000000800000000)
  region size 8192K, 8 young (65536K), 1 survivors (8192K)
 Metaspace       used 108823K, committed 109568K, reserved 1146880K
  class space    used 13338K, committed 13696K, reserved 1048576K
}
Event: 371.267 GC heap after
{Heap after GC invocations=36 (full 0):
 garbage-first heap   total 163840K, used 67613K [0x0000000401000000, 0x0000000800000000)
  region size 8192K, 1 young (8192K), 1 survivors (8192K)
 Metaspace       used 108823K, committed 109568K, reserved 1146880K
  class space    used 13338K, committed 13696K, reserved 1048576K
}
Event: 784.418 GC heap before
{Heap before GC invocations=36 (full 0):
 garbage-first heap   total 163840K, used 124957K [0x0000000401000000, 0x0000000800000000)
  region size 8192K, 8 young (65536K), 1 survivors (8192K)
 Metaspace       used 109195K, committed 109952K, reserved 1146880K
  class space    used 13346K, committed 13696K, reserved 1048576K
}
Event: 784.421 GC heap after
{Heap after GC invocations=37 (full 0):
 garbage-first heap   total 163840K, used 69565K [0x0000000401000000, 0x0000000800000000)
  region size 8192K, 1 young (8192K), 1 survivors (8192K)
 Metaspace       used 109195K, committed 109952K, reserved 1146880K
  class space    used 13346K, committed 13696K, reserved 1048576K
}

