# JRE version: OpenJDK Runtime Environment Temurin-17.0.1+12 (17.0.1+12) (build 17.0.1+12)
# Java VM: OpenJDK 64-Bit Server VM Temurin-17.0.1+12 (17.0.1+12, mixed mode, tiered, compressed oops, compressed class ptrs, g1 gc, windows-amd64)
GC Precious Log:
 CPUs: 16 total, 16 available
 Memory: 65454M
 Large Page Support: Disabled
 NUMA Support: Disabled
 Compressed Oops: Enabled (Zero based)
 Heap Region Size: 8M
 Heap Min Capacity: 8M
 Heap Initial Capacity: 1G
 Heap Max Capacity: 16368M
 Pre-touch: Disabled
 Parallel Workers: 13
 Concurrent Workers: 3
 Concurrent Refinement Workers: 13
 Periodic GC: Disabled
Heap:
 garbage-first heap   total 163840K, used 86572K [0x0000000401000000, 0x0000000800000000)
  region size 8192K, 3 young (24576K), 1 survivors (8192K)
 Metaspace       used 108489K, committed 109184K, reserved 1146880K
  class space    used 13170K, committed 13504K, reserved 1048576K
GC Heap History (20 events):
Event: 121.570 GC heap before
{Heap before GC invocations=30 (full 0):
 garbage-first heap   total 163840K, used 114218K [0x0000000401000000, 0x0000000800000000)
  region size 8192K, 9 young (73728K), 2 survivors (16384K)
 Metaspace       used 102451K, committed 103040K, reserved 1146880K
  class space    used 12540K, committed 12800K, reserved 1048576K
}
Event: 121.573 GC heap after
{Heap after GC invocations=31 (full 0):
 garbage-first heap   total 163840K, used 68353K [0x0000000401000000, 0x0000000800000000)
  region size 8192K, 2 young (16384K), 2 survivors (16384K)
 Metaspace       used 102451K, committed 103040K, reserved 1146880K
  class space    used 12540K, committed 12800K, reserved 1048576K
}
Event: 122.103 GC heap before
{Heap before GC invocations=31 (full 0):
 garbage-first heap   total 163840K, used 125697K [0x0000000401000000, 0x0000000800000000)
  region size 8192K, 9 young (73728K), 2 survivors (16384K)
 Metaspace       used 102736K, committed 103296K, reserved 1146880K
  class space    used 12540K, committed 12800K, reserved 1048576K
}
Event: 122.108 GC heap after
{Heap after GC invocations=32 (full 0):
 garbage-first heap   total 163840K, used 71591K [0x0000000401000000, 0x0000000800000000)
  region size 8192K, 2 young (16384K), 2 survivors (16384K)
 Metaspace       used 102736K, committed 103296K, reserved 1146880K
  class space    used 12540K, committed 12800K, reserved 1048576K
}
Event: 124.074 GC heap before
{Heap before GC invocations=32 (full 0):
 garbage-first heap   total 163840K, used 120743K [0x0000000401000000, 0x0000000800000000)
  region size 8192K, 8 young (65536K), 2 survivors (16384K)
 Metaspace       used 104467K, committed 105088K, reserved 1146880K
  class space    used 12714K, committed 13056K, reserved 1048576K
}
Event: 124.078 GC heap after
{Heap after GC invocations=33 (full 0):
 garbage-first heap   total 163840K, used 73092K [0x0000000401000000, 0x0000000800000000)
  region size 8192K, 1 young (8192K), 1 survivors (8192K)
 Metaspace       used 104467K, committed 105088K, reserved 1146880K
  class space    used 12714K, committed 13056K, reserved 1048576K
}
Event: 133.027 GC heap before
{Heap before GC invocations=33 (full 0):
 garbage-first heap   total 163840K, used 114052K [0x0000000401000000, 0x0000000800000000)
  region size 8192K, 7 young (57344K), 1 survivors (8192K)
 Metaspace       used 104975K, committed 105664K, reserved 1146880K
  class space    used 12758K, committed 13120K, reserved 1048576K
}
Event: 133.030 GC heap after
{Heap after GC invocations=34 (full 0):
 garbage-first heap   total 163840K, used 74232K [0x0000000401000000, 0x0000000800000000)
  region size 8192K, 1 young (8192K), 1 survivors (8192K)
 Metaspace       used 104975K, committed 105664K, reserved 1146880K
  class space    used 12758K, committed 13120K, reserved 1048576K
}
Event: 134.177 GC heap before
{Heap before GC invocations=34 (full 0):
 garbage-first heap   total 163840K, used 123384K [0x0000000401000000, 0x0000000800000000)
  region size 8192K, 8 young (65536K), 1 survivors (8192K)
 Metaspace       used 105423K, committed 106176K, reserved 1146880K
  class space    used 12812K, committed 13184K, reserved 1048576K
}
Event: 134.180 GC heap after
{Heap after GC invocations=35 (full 0):
 garbage-first heap   total 163840K, used 76465K [0x0000000401000000, 0x0000000800000000)
  region size 8192K, 1 young (8192K), 1 survivors (8192K)
 Metaspace       used 105423K, committed 106176K, reserved 1146880K
  class space    used 12812K, committed 13184K, reserved 1048576K
}
Event: 176.064 GC heap before
{Heap before GC invocations=35 (full 0):
 garbage-first heap   total 163840K, used 133809K [0x0000000401000000, 0x0000000800000000)
  region size 8192K, 8 young (65536K), 1 survivors (8192K)
 Metaspace       used 107534K, committed 108224K, reserved 1146880K
  class space    used 13140K, committed 13504K, reserved 1048576K
}
Event: 176.068 GC heap after
{Heap after GC invocations=36 (full 0):
 garbage-first heap   total 163840K, used 75417K [0x0000000401000000, 0x0000000800000000)
  region size 8192K, 1 young (8192K), 1 survivors (8192K)
 Metaspace       used 107534K, committed 108224K, reserved 1146880K
  class space    used 13140K, committed 13504K, reserved 1048576K
}
Event: 202.623 GC heap before
{Heap before GC invocations=36 (full 0):
 garbage-first heap   total 163840K, used 124569K [0x0000000401000000, 0x0000000800000000)
  region size 8192K, 8 young (65536K), 1 survivors (8192K)
 Metaspace       used 107746K, committed 108416K, reserved 1146880K
  class space    used 13151K, committed 13504K, reserved 1048576K
}
Event: 202.625 GC heap after
{Heap after GC invocations=37 (full 0):
 garbage-first heap   total 163840K, used 76231K [0x0000000401000000, 0x0000000800000000)
  region size 8192K, 1 young (8192K), 1 survivors (8192K)
 Metaspace       used 107746K, committed 108416K, reserved 1146880K
  class space    used 13151K, committed 13504K, reserved 1048576K
}
Event: 326.456 GC heap before
{Heap before GC invocations=37 (full 0):
 garbage-first heap   total 163840K, used 133575K [0x0000000401000000, 0x0000000800000000)
  region size 8192K, 8 young (65536K), 1 survivors (8192K)
 Metaspace       used 107957K, committed 108672K, reserved 1146880K
  class space    used 13152K, committed 13504K, reserved 1048576K
}
Event: 326.459 GC heap after
{Heap after GC invocations=38 (full 0):
 garbage-first heap   total 163840K, used 76673K [0x0000000401000000, 0x0000000800000000)
  region size 8192K, 1 young (8192K), 1 survivors (8192K)
 Metaspace       used 107957K, committed 108672K, reserved 1146880K
  class space    used 13152K, committed 13504K, reserved 1048576K
}
Event: 469.320 GC heap before
{Heap before GC invocations=38 (full 0):
 garbage-first heap   total 163840K, used 134017K [0x0000000401000000, 0x0000000800000000)
  region size 8192K, 8 young (65536K), 1 survivors (8192K)
 Metaspace       used 108242K, committed 108928K, reserved 1146880K
  class space    used 13154K, committed 13504K, reserved 1048576K
}
Event: 469.323 GC heap after
{Heap after GC invocations=39 (full 0):
 garbage-first heap   total 163840K, used 76851K [0x0000000401000000, 0x0000000800000000)
  region size 8192K, 1 young (8192K), 1 survivors (8192K)
 Metaspace       used 108242K, committed 108928K, reserved 1146880K
  class space    used 13154K, committed 13504K, reserved 1048576K
}
Event: 544.145 GC heap before
{Heap before GC invocations=39 (full 0):
 garbage-first heap   total 163840K, used 126003K [0x0000000401000000, 0x0000000800000000)
  region size 8192K, 8 young (65536K), 1 survivors (8192K)
 Metaspace       used 108485K, committed 109184K, reserved 1146880K
  class space    used 13170K, committed 13504K, reserved 1048576K
}
Event: 544.149 GC heap after
{Heap after GC invocations=40 (full 0):
 garbage-first heap   total 163840K, used 78380K [0x0000000401000000, 0x0000000800000000)
  region size 8192K, 1 young (8192K), 1 survivors (8192K)
 Metaspace       used 108485K, committed 109184K, reserved 1146880K
  class space    used 13170K, committed 13504K, reserved 1048576K
}

